<?xml version="1.0" encoding="UTF-8"?>
<!-- Generated by org.testng.reporters.JUnitXMLReporter -->
<testsuite hostname="DESKTOP-0SGIEQL" ignored="0" name="Gradle test" tests="9" failures="2" timestamp="2023-07-18T16:56:16 BDT" time="34.824" errors="0">
  <testcase name="MutationKycBulkRequest" time="3.09" classname="connect_console.connect_console_financial_service.connect_console_kyc_request_information.mutations"/>
  <testcase name="MutationKycRequest" time="2.674" classname="connect_console.connect_console_financial_service.connect_console_kyc_request_information.mutations"/>
  <testcase name="MutationKycRequestInformationInsertOne" time="0.31" classname="connect_console.connect_console_financial_service.connect_console_kyc_request_information.mutations">
    <failure type="java.lang.NullPointerException">
      <![CDATA[java.lang.NullPointerException
at connect_console.connect_console_financial_service.connect_console_kyc_request_information.testcase.mutationKycRequestInformationInsertOne(testcase.java:392)
at connect_console.connect_console_financial_service.connect_console_kyc_request_information.mutations.MutationKycRequestInformationInsertOne(mutations.java:36)
at java.util.ArrayList.forEach(ArrayList.java:1259)
at com.sun.proxy.$Proxy2.stop(Unknown Source)
... Removed 44 stack frames]]>
    </failure>
  </testcase> <!-- MutationKycRequestInformationInsertOne -->
  <testcase name="MutationStatementBulkRequest" time="0.373" classname="connect_console.connect_console_financial_service.connect_console_kyc_request_information.mutations"/>
  <testcase name="MutationStatementRequest" time="0.431" classname="connect_console.connect_console_financial_service.connect_console_kyc_request_information.mutations"/>
  <testcase name="KycRequestInformation" time="0.201" classname="connect_console.connect_console_financial_service.connect_console_kyc_request_information.queries">
    <failure type="java.lang.AssertionError" message="1 expectation failed.
Expected status code &amp;lt;200&amp;gt; but was &amp;lt;400&amp;gt;.
">
      <![CDATA[java.lang.AssertionError: 1 expectation failed.
Expected status code <200> but was <400>.

at org.codehaus.groovy.runtime.callsite.ConstructorSite$ConstructorSiteNoUnwrap.callConstructor(ConstructorSite.java:84)
at org.codehaus.groovy.runtime.callsite.CallSiteArray.defaultCallConstructor(CallSiteArray.java:59)
at org.codehaus.groovy.runtime.callsite.AbstractCallSite.callConstructor(AbstractCallSite.java:263)
at org.codehaus.groovy.runtime.callsite.AbstractCallSite.callConstructor(AbstractCallSite.java:277)
at io.restassured.internal.ResponseSpecificationImpl$HamcrestAssertionClosure.validate(ResponseSpecificationImpl.groovy:493)
at io.restassured.internal.ResponseSpecificationImpl$HamcrestAssertionClosure$validate$1.call(Unknown Source)
at io.restassured.internal.ResponseSpecificationImpl.validateResponseIfRequired(ResponseSpecificationImpl.groovy:674)
at org.codehaus.groovy.runtime.callsite.PlainObjectMetaMethodSite.doInvoke(PlainObjectMetaMethodSite.java:43)
at org.codehaus.groovy.runtime.callsite.PogoMetaMethodSite$PogoCachedMethodSiteNoUnwrapNoCoerce.invoke(PogoMetaMethodSite.java:193)
at org.codehaus.groovy.runtime.callsite.PogoMetaMethodSite.callCurrent(PogoMetaMethodSite.java:61)
at org.codehaus.groovy.runtime.callsite.AbstractCallSite.callCurrent(AbstractCallSite.java:185)
at io.restassured.internal.ResponseSpecificationImpl.statusCode(ResponseSpecificationImpl.groovy:126)
at io.restassured.specification.ResponseSpecification$statusCode$0.callCurrent(Unknown Source)
at io.restassured.internal.ResponseSpecificationImpl.statusCode(ResponseSpecificationImpl.groovy:134)
at io.restassured.internal.ValidatableResponseOptionsImpl.statusCode(ValidatableResponseOptionsImpl.java:89)
at io.restassured.internal.ValidatableResponseImpl.super$2$statusCode(ValidatableResponseImpl.groovy)
at groovy.lang.MetaMethod.doMethodInvoke(MetaMethod.java:323)
at groovy.lang.MetaClassImpl.invokeMethod(MetaClassImpl.java:1268)
at org.codehaus.groovy.runtime.ScriptBytecodeAdapter.invokeMethodOnSuperN(ScriptBytecodeAdapter.java:144)
at io.restassured.internal.ValidatableResponseImpl.statusCode(ValidatableResponseImpl.groovy:142)
at io.restassured.internal.ValidatableResponseImpl.statusCode(ValidatableResponseImpl.groovy)
at connect_console.connect_console_financial_service.connect_console_kyc_request_information.testcase.queryKycRequestInformation(testcase.java:163)
at connect_console.connect_console_financial_service.connect_console_kyc_request_information.queries.KycRequestInformation(queries.java:28)
at java.util.ArrayList.forEach(ArrayList.java:1259)
at com.sun.proxy.$Proxy2.stop(Unknown Source)
... Removed 59 stack frames]]>
    </failure>
  </testcase> <!-- KycRequestInformation -->
  <testcase name="UserInfoFindAll" time="0.351" classname="connect_console.connect_console_financial_service.connect_console_kyc_request_information.queries"/>
  <testcase name="countryInfo" time="26.688" classname="connect_console.connect_console_financial_service.connect_console_kyc_request_information.queries"/>
  <testcase name="login" time="0.512" classname="connect_console.connect_console_financial_service.connect_console_kyc_request_information.queries"/>
</testsuite> <!-- Gradle test -->
